0 info it worked if it ends with ok
1 verbose cli [ '/usr/bin/node', '/usr/bin/npm', 'start' ]
2 info using npm@3.5.2
3 info using node@v8.10.0
4 verbose run-script [ 'prestart', 'start', 'poststart' ]
5 info lifecycle G.I.N.G.E.R.@0.0.2~prestart: G.I.N.G.E.R.@0.0.2
6 silly lifecycle G.I.N.G.E.R.@0.0.2~prestart: no script for prestart, continuing
7 info lifecycle G.I.N.G.E.R.@0.0.2~start: G.I.N.G.E.R.@0.0.2
8 verbose lifecycle G.I.N.G.E.R.@0.0.2~start: unsafe-perm in lifecycle true
9 verbose lifecycle G.I.N.G.E.R.@0.0.2~start: PATH: /usr/share/npm/bin/node-gyp-bin:/home/canid/Git/MISTRA/Platform/node_modules/.bin:/home/canid/bin:/usr/local/sbin:/usr/local/bin:/usr/sbin:/usr/bin:/sbin:/bin:/usr/games:/usr/local/games:/snap/bin
10 verbose lifecycle G.I.N.G.E.R.@0.0.2~start: CWD: /home/canid/Git/MISTRA/Platform
11 silly lifecycle G.I.N.G.E.R.@0.0.2~start: Args: [ '-c', 'node attention.js' ]
12 silly lifecycle G.I.N.G.E.R.@0.0.2~start: Returned: code: 1  signal: null
13 info lifecycle G.I.N.G.E.R.@0.0.2~start: Failed to exec start script
14 verbose stack Error: G.I.N.G.E.R.@0.0.2 start: `node attention.js`
14 verbose stack Exit status 1
14 verbose stack     at EventEmitter.<anonymous> (/usr/share/npm/lib/utils/lifecycle.js:232:16)
14 verbose stack     at emitTwo (events.js:126:13)
14 verbose stack     at EventEmitter.emit (events.js:214:7)
14 verbose stack     at ChildProcess.<anonymous> (/usr/share/npm/lib/utils/spawn.js:24:14)
14 verbose stack     at emitTwo (events.js:126:13)
14 verbose stack     at ChildProcess.emit (events.js:214:7)
14 verbose stack     at maybeClose (internal/child_process.js:925:16)
14 verbose stack     at Process.ChildProcess._handle.onexit (internal/child_process.js:209:5)
15 verbose pkgid G.I.N.G.E.R.@0.0.2
16 verbose cwd /home/canid/Git/MISTRA/Platform
17 error Linux 5.3.0-51-generic
18 error argv "/usr/bin/node" "/usr/bin/npm" "start"
19 error node v8.10.0
20 error npm  v3.5.2
21 error code ELIFECYCLE
22 error G.I.N.G.E.R.@0.0.2 start: `node attention.js`
22 error Exit status 1
23 error Failed at the G.I.N.G.E.R.@0.0.2 start script 'node attention.js'.
23 error Make sure you have the latest version of node.js and npm installed.
23 error If you do, this is most likely a problem with the G.I.N.G.E.R. package,
23 error not with npm itself.
23 error Tell the author that this fails on your system:
23 error     node attention.js
23 error You can get information on how to open an issue for this project with:
23 error     npm bugs G.I.N.G.E.R.
23 error Or if that isn't available, you can get their info via:
23 error     npm owner ls G.I.N.G.E.R.
23 error There is likely additional logging output above.
24 verbose exit [ 1, true ]
